<?xml version="1.0" encoding="UTF-8"?>
<!-- Generated by org.testng.reporters.JUnitReportReporter -->
<testsuite skipped="0" hostname="SunitaVedAnn" name="com.demoguru99bank.test.TC_03VerifyEditCustomeTest" tests="1" failures="0" timestamp="20 Aug 2022 12:49:23 GMT" time="27.037" errors="0">
  <testcase name="editCustomer" time="27.037" classname="com.demoguru99bank.test.TC_03VerifyEditCustomeTest"/>
</testsuite> <!-- com.demoguru99bank.test.TC_03VerifyEditCustomeTest -->
