<?xml version="1.0" encoding="UTF-8"?>
<!-- Generated by org.testng.reporters.JUnitReportReporter -->
<testsuite skipped="0" hostname="SunitaVedAnn" name="com.demoguru99bank.test.TC_01LoginTest" tests="1" failures="0" timestamp="20 Aug 2022 12:49:23 GMT" time="21.901" errors="0">
  <testcase name="login" time="21.901" classname="com.demoguru99bank.test.TC_01LoginTest"/>
</testsuite> <!-- com.demoguru99bank.test.TC_01LoginTest -->
