<?xml version="1.0" encoding="UTF-8"?>
<!-- Generated by org.testng.reporters.JUnitReportReporter -->
<testsuite skipped="0" hostname="SunitaVedAnn" name="TestDemo" tests="1" failures="0" timestamp="20 Aug 2022 10:04:33 GMT" time="10.769" errors="0">
  <testcase name="selectDemo" time="10.769" classname="TestDemo"/>
</testsuite> <!-- TestDemo -->
