<?xml version="1.0" encoding="UTF-8"?>
<!-- Generated by org.testng.reporters.JUnitReportReporter -->
<testsuite skipped="0" hostname="SunitaVedAnn" name="com.demoguru99bank.test.TC_07VerifyCustomisedStatementTest" tests="1" failures="0" timestamp="20 Aug 2022 12:49:23 GMT" time="51.783" errors="0">
  <testcase name="customisedStatement" time="51.783" classname="com.demoguru99bank.test.TC_07VerifyCustomisedStatementTest"/>
</testsuite> <!-- com.demoguru99bank.test.TC_07VerifyCustomisedStatementTest -->
