<?xml version="1.0" encoding="UTF-8"?>
<!-- Generated by org.testng.reporters.JUnitReportReporter -->
<testsuite skipped="0" hostname="SunitaVedAnn" name="com.demoguru99bank.test.TC_02VerifyAddNewCustomerTest" tests="1" failures="0" timestamp="20 Aug 2022 12:49:23 GMT" time="43.519" errors="0">
  <testcase name="VerifyNewCustomer" time="43.519" classname="com.demoguru99bank.test.TC_02VerifyAddNewCustomerTest"/>
</testsuite> <!-- com.demoguru99bank.test.TC_02VerifyAddNewCustomerTest -->
